<?xml version="1.0" encoding="UTF-8"?>
<!-- Generated by org.testng.reporters.JUnitXMLReporter -->
<testsuite ignored="0" hostname="DESKTOP-2K3DEDH" failures="0" tests="3" name="LP Test Cases" time="0.04" errors="0" timestamp="2021-03-01T17:45:07 IST">
  <testcase classname="com.lp.qa.testcases.EmailSend" name="sendEmail1" time="0.006"/>
  <testcase classname="com.lp.qa.testcases.EmailSend" name="sendEmail2" time="0.001"/>
  <testcase classname="com.lp.qa.testcases.EmailSend" name="sendEmail3" time="0.001"/>
</testsuite> <!-- LP Test Cases -->
